<?xml version="1.0" encoding="UTF-8"?>
<testng-results skipped="0" failed="0" ignored="0" total="1" passed="1">
  <reporter-output>
  </reporter-output>
  <suite name="FREE CRM Application Test Automation Test Suite" duration-ms="121643" started-at="2020-03-31T18:39:31 IST" finished-at="2020-03-31T18:41:33 IST">
    <groups>
    </groups>
    <test name="Free CRM App Test Cases" duration-ms="121643" started-at="2020-03-31T18:39:31 IST" finished-at="2020-03-31T18:41:33 IST">
      <class name="com.cross.qa.testcases.BookMovieTestLatestTrue">
        <test-method status="PASS" signature="setUpSuite()[pri:0, instance:com.cross.qa.testcases.BookMovieTestLatestTrue@358c99f5]" name="setUpSuite" is-config="true" duration-ms="243" started-at="2020-03-31T18:39:31 IST" finished-at="2020-03-31T18:39:31 IST">
          <reporter-output>
          </reporter-output>
        </test-method> <!-- setUpSuite -->
        <test-method status="PASS" signature="setUp(java.lang.reflect.Method)[pri:0, instance:com.cross.qa.testcases.BookMovieTestLatestTrue@358c99f5]" name="setUp" is-config="true" duration-ms="30476" started-at="2020-03-31T18:39:31 IST" finished-at="2020-03-31T18:40:02 IST">
          <params>
            <param index="0">
              <value>
                <![CDATA[public void com.cross.qa.testcases.BookMovieTestLatestTrue.runBookMyShowInActualDeviceWhileDeviceConnectedThroughUSB(int)]]>
              </value>
            </param>
          </params>
          <reporter-output>
          </reporter-output>
        </test-method> <!-- setUp -->
        <test-method status="PASS" signature="runBookMyShowInActualDeviceWhileDeviceConnectedThroughUSB(int)[pri:0, instance:com.cross.qa.testcases.BookMovieTestLatestTrue@358c99f5]" name="runBookMyShowInActualDeviceWhileDeviceConnectedThroughUSB" duration-ms="90258" started-at="2020-03-31T18:40:02 IST" finished-at="2020-03-31T18:41:32 IST">
          <params>
            <param index="0">
              <value>
                <![CDATA[3]]>
              </value>
            </param>
          </params>
          <reporter-output>
          </reporter-output>
        </test-method> <!-- runBookMyShowInActualDeviceWhileDeviceConnectedThroughUSB -->
        <test-method status="PASS" signature="tearDown()[pri:0, instance:com.cross.qa.testcases.BookMovieTestLatestTrue@358c99f5]" name="tearDown" is-config="true" duration-ms="852" started-at="2020-03-31T18:41:32 IST" finished-at="2020-03-31T18:41:33 IST">
          <reporter-output>
          </reporter-output>
        </test-method> <!-- tearDown -->
      </class> <!-- com.cross.qa.testcases.BookMovieTestLatestTrue -->
    </test> <!-- Free CRM App Test Cases -->
  </suite> <!-- FREE CRM Application Test Automation Test Suite -->
</testng-results>
