<?xml version="1.0" encoding="UTF-8"?>
<!-- Generated by org.testng.reporters.JUnitXMLReporter -->
<testsuite hostname="LTPMUM062364167" ignored="1" name="Default test" tests="1" failures="0" timestamp="2020-03-29T08:58:28 IST" time="72.886" errors="0">
  <testcase name="runBookMyShowInActualDeviceWhileDeviceConnectedThroughUSB" time="41.3" classname="com.cross.qa.testcases.BookMovieTest"/>
  <testcase name="runBookMyShowInActualDeviceWhileDeviceConnectedThroughUSBTestPermissions" time="0.0" classname="com.cross.qa.testcases.BookMovieTest">
    <ignored/>
  </testcase> <!-- runBookMyShowInActualDeviceWhileDeviceConnectedThroughUSBTestPermissions -->
</testsuite> <!-- Default test -->
